=== katharina_dataset_v2 (SAUBER, 15 Bilder) ===
Master: /root/little-buddy-card/assets/characters/katharina/master/katharina_master.png
Dataset: /root/little-buddy-card/assets/training/katharina_char_v1/images

Methode:
  1× Master + 5× echte Winkel (creativity 0.30-0.40) + 10× Mikro-Posen (creativity 0.25)
  Pro Bild individuelle Caption mit Pose-Suffix

Base-Caption (alle 16):
  pixel art, cute childlike small girl, (blonde_braids:1.3), (bright crimson red dress:1.4), (long_dress:1.2), white peter pan collar, short puffy sleeves, white knee-high socks, black mary jane shoes, ...

Master base64: 520772 chars
Session: aebdd9472aa24574...

[1/15] 02_front (seed 100, creativity 0.3)
  Pose: front view, looking at viewer, facing forward, gentle smile
  ✓ /root/little-buddy-card/assets/training/katharina_char_v1/images/02_front.png (538 KB)
  ✓ /root/little-buddy-card/assets/training/katharina_char_v1/images/02_front.txt
[2/15] 03_3quarter_r (seed 110, creativity 0.35)
  Pose: 3/4 view from the right, head turned right, facing camera diagonally
  ✓ /root/little-buddy-card/assets/training/katharina_char_v1/images/03_3quarter_r.png (544 KB)
  ✓ /root/little-buddy-card/assets/training/katharina_char_v1/images/03_3quarter_r.txt
[3/15] 04_3quarter_l (seed 120, creativity 0.35)
  Pose: 3/4 view from the left, head turned left, facing camera diagonally
  ✓ /root/little-buddy-card/assets/training/katharina_char_v1/images/04_3quarter_l.png (492 KB)
  ✓ /root/little-buddy-card/assets/training/katharina_char_v1/images/04_3quarter_l.txt
[4/15] 05_side_r (seed 130, creativity 0.4)
  Pose: side view facing right, profile from the right side, calm expression
  ✓ /root/little-buddy-card/assets/training/katharina_char_v1/images/05_side_r.png (522 KB)
  ✓ /root/little-buddy-card/assets/training/katharina_char_v1/images/05_side_r.txt
[5/15] 06_back_3q (seed 140, creativity 0.4)
  Pose: 3/4 view from behind, mostly back view, slight head turn to the right, looking o
  ✓ /root/little-buddy-card/assets/training/katharina_char_v1/images/06_back_3q.png (511 KB)
  ✓ /root/little-buddy-card/assets/training/katharina_char_v1/images/06_back_3q.txt
[6/15] 07_tilt_r (seed 200, creativity 0.25)
  Pose: slight head tilt to the right, curious look, gentle smile
  ✓ /root/little-buddy-card/assets/training/katharina_char_v1/images/07_tilt_r.png (555 KB)
  ✓ /root/little-buddy-card/assets/training/katharina_char_v1/images/07_tilt_r.txt
[7/15] 08_tilt_l (seed 210, creativity 0.25)
  Pose: slight head tilt to the left, curious look, gentle smile
  ✓ /root/little-buddy-card/assets/training/katharina_char_v1/images/08_tilt_l.png (517 KB)
  ✓ /root/little-buddy-card/assets/training/katharina_char_v1/images/08_tilt_l.txt
[8/15] 09_look_up (seed 220, creativity 0.25)
  Pose: looking up slightly, hopeful expression, eyes looking up
  ✓ /root/little-buddy-card/assets/training/katharina_char_v1/images/09_look_up.png (481 KB)
  ✓ /root/little-buddy-card/assets/training/katharina_char_v1/images/09_look_up.txt
[9/15] 10_look_down (seed 230, creativity 0.25)
  Pose: looking down slightly, thoughtful expression, eyes looking down
  ✓ /root/little-buddy-card/assets/training/katharina_char_v1/images/10_look_down.png (547 KB)
  ✓ /root/little-buddy-card/assets/training/katharina_char_v1/images/10_look_down.txt
[10/15] 11_weight_l (seed 240, creativity 0.25)
  Pose: standing with weight on left leg, slight hip tilt to the right
  ✓ /root/little-buddy-card/assets/training/katharina_char_v1/images/11_weight_l.png (445 KB)
  ✓ /root/little-buddy-card/assets/training/katharina_char_v1/images/11_weight_l.txt
[11/15] 12_weight_r (seed 250, creativity 0.25)
  Pose: standing with weight on right leg, slight hip tilt to the left
  ✓ /root/little-buddy-card/assets/training/katharina_char_v1/images/12_weight_r.png (556 KB)
  ✓ /root/little-buddy-card/assets/training/katharina_char_v1/images/12_weight_r.txt
[12/15] 13_hand_slight (seed 260, creativity 0.25)
  Pose: one hand slightly raised in a small wave gesture, friendly pose
  ✓ /root/little-buddy-card/assets/training/katharina_char_v1/images/13_hand_slight.png (426 KB)
  ✓ /root/little-buddy-card/assets/training/katharina_char_v1/images/13_hand_slight.txt
[13/15] 14_arms_back (seed 270, creativity 0.25)
  Pose: both arms behind back, shy pose, gentle smile
  ✓ /root/little-buddy-card/assets/training/katharina_char_v1/images/14_arms_back.png (495 KB)
  ✓ /root/little-buddy-card/assets/training/katharina_char_v1/images/14_arms_back.txt
[14/15] 15_eye_blink (seed 280, creativity 0.3)
  Pose: one eye closed in a wink, playful expression, head slightly tilted
  ✓ /root/little-buddy-card/assets/training/katharina_char_v1/images/15_eye_blink.png (500 KB)
  ✓ /root/little-buddy-card/assets/training/katharina_char_v1/images/15_eye_blink.txt
[15/15] 16_smile_big (seed 290, creativity 0.25)
  Pose: big happy smile, cheerful expression, both eyes bright
  ✓ /root/little-buddy-card/assets/training/katharina_char_v1/images/16_smile_big.png (476 KB)
  ✓ /root/little-buddy-card/assets/training/katharina_char_v1/images/16_smile_big.txt

=== FERTIG — Dataset bereit für LoRA-Training ===
  Bilder:  16
  Captions: 15

User-Bewertung: Dataset in assets/training/katharina_char_v1/images/
