=== katharina_dataset_v1 (9 Bilder für LoRA-Training) ===
Master: /root/little-buddy-card/assets/characters/katharina/master/katharina_master.png
Dataset: /root/little-buddy-card/assets/training/katharina_char_v1/images
Method: 1× Master + 8× img2img Mikro-Winkel @ creativity 0.30
Base: RDXL_Pixel_Art_-_Pony_2.safetensors, 800x800, steps 28, cfg 7.0

Caption (einheitlich für alle 9 Bilder):
  pixel art, cute childlike small girl, (blonde_braids:1.3), (bright crimson red dress:1.4), (long_dress:1.2), white peter pan collar, short puffy sleeves, white knee-high socks, black mary jane shoes, ...

  ✓ Master existiert: /root/little-buddy-card/assets/training/katharina_char_v1/images/01_master.png
Session: 81d260873227af4d...

[2/9] 02_front (seed 100, creativity 0.5)
  Pose: front view, looking at viewer, facing forward, gentle smile
  ✓ /root/little-buddy-card/assets/training/katharina_char_v1/images/02_front.png (464 KB)

[3/9] 03_3quarter_r (seed 110, creativity 0.5)
  Pose: 3/4 view from the right, head turned right, facing camera diagonally
  ✓ /root/little-buddy-card/assets/training/katharina_char_v1/images/03_3quarter_r.png (370 KB)

[4/9] 04_3quarter_l (seed 120, creativity 0.5)
  Pose: 3/4 view from the left, head turned left, facing camera diagonally
  ✓ /root/little-buddy-card/assets/training/katharina_char_v1/images/04_3quarter_l.png (317 KB)

[5/9] 05_side_r (seed 130, creativity 0.5)
  Pose: side view facing right, profile from the right side, calm expression
  ✓ /root/little-buddy-card/assets/training/katharina_char_v1/images/05_side_r.png (464 KB)

[6/9] 06_side_l (seed 140, creativity 0.5)
  Pose: side view facing left, profile from the left side, calm expression
  ✓ /root/little-buddy-card/assets/training/katharina_char_v1/images/06_side_l.png (320 KB)

[7/9] 07_back_3q (seed 150, creativity 0.5)
  Pose: 3/4 view from behind, mostly back view, slight head turn to the right, looking o
  ✓ /root/little-buddy-card/assets/training/katharina_char_v1/images/07_back_3q.png (458 KB)

[8/9] 08_back (seed 160, creativity 0.5)
  Pose: back view, facing away from viewer, back of head, braids visible from behind
  ✓ /root/little-buddy-card/assets/training/katharina_char_v1/images/08_back.png (389 KB)

[9/9] 09_low_angle (seed 170, creativity 0.5)
  Pose: low angle view, looking up at the character, camera below, character taller in f
  ✓ /root/little-buddy-card/assets/training/katharina_char_v1/images/09_low_angle.png (396 KB)

=== Caption-Dateien schreiben ===
  ✓ /root/little-buddy-card/assets/training/katharina_char_v1/images/01_master.txt
  ✓ /root/little-buddy-card/assets/training/katharina_char_v1/images/02_front.txt
  ✓ /root/little-buddy-card/assets/training/katharina_char_v1/images/03_3quarter_r.txt
  ✓ /root/little-buddy-card/assets/training/katharina_char_v1/images/04_3quarter_l.txt
  ✓ /root/little-buddy-card/assets/training/katharina_char_v1/images/05_side_r.txt
  ✓ /root/little-buddy-card/assets/training/katharina_char_v1/images/06_side_l.txt
  ✓ /root/little-buddy-card/assets/training/katharina_char_v1/images/07_back_3q.txt
  ✓ /root/little-buddy-card/assets/training/katharina_char_v1/images/08_back.txt
  ✓ /root/little-buddy-card/assets/training/katharina_char_v1/images/09_low_angle.txt

=== FERTIG — Dataset bereit für LoRA-Training ===
  9 Bilder
  9 Captions

NÄCHSTER SCHRITT: LoRA-Training via ComfyUI TrainLoraNode
  Rank 16, AdamW8bit, lr 1e-4, 1500 steps, ~15 min
