=== katharina_train_lora_v2 (KORRIGIERT) ===
Base: RDXL_Pixel_Art_-_Pony_2.safetensors
Dataset: /root/little-buddy-card/assets/training/katharina_char_v1/images_v2
LoRA: katharina_char_lora_v1.safetensors

Fixes vs v1:
  optimizer: AdamW (war AdamW8bit=INVALID)
  rank: 8 (war 16)
  learning_rate: 0.0005 (war 1e-4)
  gradient_checkpointing: True (war False)
  MakeTrainingDataset: latents[0], positive[1] (war falsch)
  steps: 300 (bei 2 Bildern: weniger Overfit)

Dataset: 2 Bilder, 2 Captions
Seed: 5206 (random)
Steps: 326 (variiert)
Output-Prefix: loras/katharina_char_lora_v1_51868
Unique Text: cache_bypass_2026-07-13T16:11:08.686536_68705

Workflow: 6 Nodes
Prompt ID: 9e0be9e1-451e-4440-b291-f5fd6d6903a1
Warte auf Training (poll jede 30s)...
  ✓ Training fertig
  Keine Outputs in History (LoRA evtl. auf Disk)

=== CHECK: LoRA-Datei auf Backend ===
