=== katharina_characterset_v5 (Rotes Kleid + Chibi) ===
Base: RDXL_Pixel_Art_-_Pony_2.safetensors
Pixel-LoRA: concept\Pixel_Art_XL_-_v1-1.safetensors (weight 0.85)
CharTurn-LoRA: pony\character\Pony_CharTurn-_Multi-View-_Turnaround-_Model_Sheet-_Character_Design_-_Dim32Alpha16_Prodigy_Mod.safetensors (weight 0.15, war 0.2 in v4)
Seed: 100 (konstant), Steps: 28 (konstant)
Kleid-Pin: (solid bright crimson red dress:1.8), monochrome red, no white parts
Chibi-Lock: stubby legs, short legs, large round head, baby proportions
Süss-Anker: kawaii cute adorable innocent sweet wholesome childlike
Anti-Sexy: no makeup, no lipstick, no jewelry, no adult features

Session: f69342df712edde4...

[1/6] 01_front (seed 100)
  Cfg: 7.5, Denoise: 1.0
  ✓ /root/little-buddy-card/assets/characters/katharina/views_v5/01_front.png (622 KB)

[2/6] 02_3quarter_left (seed 100)
  Cfg: 7.65, Denoise: 0.99
  ✓ /root/little-buddy-card/assets/characters/katharina/views_v5/02_3quarter_left.png (742 KB)

[3/6] 03_side_right (seed 100)
  Cfg: 7.8, Denoise: 0.98
  ✓ /root/little-buddy-card/assets/characters/katharina/views_v5/03_side_right.png (658 KB)

[4/6] 04_back_3quarter (seed 100)
  Cfg: 7.95, Denoise: 0.97
  ✓ /root/little-buddy-card/assets/characters/katharina/views_v5/04_back_3quarter.png (705 KB)

[5/6] 05_low_angle (seed 100)
  Cfg: 8.1, Denoise: 0.96
  ✓ /root/little-buddy-card/assets/characters/katharina/views_v5/05_low_angle.png (719 KB)

[6/6] 06_top_down (seed 100)
  Cfg: 8.25, Denoise: 0.95
  ✓ /root/little-buddy-card/assets/characters/katharina/views_v5/06_top_down.png (686 KB)

=== FERTIG ===
Output: /root/little-buddy-card/assets/characters/katharina/views_v5/
  01_front.png: 622 KB
  02_3quarter_left.png: 742 KB
  03_side_right.png: 658 KB
  04_back_3quarter.png: 705 KB
  05_low_angle.png: 719 KB
  06_top_down.png: 686 KB
