=== katharina_master_v3 (4 Settings-Varianten parallel) ===
Base: RDXL_Pixel_Art_-_Pony_2.safetensors, 800x800, txt2img (kein Init)
  v1_baseline: cfg=7.5, steps=28
  v2_soft_shadow: cfg=6.5, steps=35
  v3_strong_pin: cfg=8.0, steps=40
  v4_no_shadow_neg: cfg=7.0, steps=30

Session: 4677ad24b5ffb833...

[v1_baseline] cfg=7.5, steps=28, seed=42
  ✓ /root/little-buddy-card/assets/characters/katharina/master/master_v1_baseline.png (376 KB)

[v2_soft_shadow] cfg=6.5, steps=35, seed=42
  ✓ /root/little-buddy-card/assets/characters/katharina/master/master_v2_soft_shadow.png (494 KB)

[v3_strong_pin] cfg=8.0, steps=40, seed=42
  ✓ /root/little-buddy-card/assets/characters/katharina/master/master_v3_strong_pin.png (488 KB)

[v4_no_shadow_neg] cfg=7.0, steps=30, seed=42
  ✓ /root/little-buddy-card/assets/characters/katharina/master/master_v4_no_shadow_neg.png (350 KB)

=== FERTIG — 4 Varianten bereit zur Abnahme ===
Output: /root/little-buddy-card/assets/characters/katharina/master/
  master_v1.png: 241 KB
  master_v1_baseline.png: 376 KB
  master_v2_soft_shadow.png: 494 KB
  master_v3_strong_pin.png: 488 KB
  master_v4_no_shadow_neg.png: 350 KB

USER-BEWERTUNG ERWARTET:
  Welche der 4 Varianten sieht am meisten nach Katharina aus?
  Sag den Namen (v1_baseline / v2_soft_shadow / v3_strong_pin / v4_no_shadow_neg).
