=== katharina_characterset_v3 (Pixel-Art + CharTurn reduced) ===
Base: RDXL_Pixel_Art_-_Pony_2.safetensors
Pixel-LoRA: concept\Pixel_Art_XL_-_v1-1.safetensors (weight 0.85)
CharTurn-LoRA: pony\character\Pony_CharTurn-_Multi-View-_Turnaround-_Model_Sheet-_Character_Design_-_Dim32Alpha16_Prodigy_Mod.safetensors (weight 0.3, war 0.7)
Resolution: 1024x1024 (war 1536x1024)
Outfit-Anker: knee-length, no patterns, no leggings

Session: 4c2ee4643f7b907e...

[1/6] 01_front (seed 100)
  Pose: front view, looking at viewer, standing straight, both arms at sides, turnaround sheet, multiple vie
  Steps: 28, Cfg: 7.5, Denoise: 1.0
  Prompt ID: 302a379a-180a-48bd-af1c-bb8f229cefa8
  [cache] Prompt completed but no outputs (cached or empty)
  ✗ Cache-Hit, retry mit seed+2000
  ✓ /root/little-buddy-card/assets/characters/katharina/views_v3/01_front.png (773 KB)

[2/6] 02_3quarter_left (seed 113)
  Pose: three quarter view from the left, slight turn, gentle smile, head slightly tilted, character design 
  Steps: 30, Cfg: 7.6, Denoise: 0.995
  Prompt ID: a1a33871-8620-492b-868c-9b6776f34d60
  ✓ /root/little-buddy-card/assets/characters/katharina/views_v3/02_3quarter_left.png (523 KB)

[3/6] 03_side_right (seed 126)
  Pose: side view facing right, profile, standing still, calm expression, model sheet reference, turnaround
  Steps: 32, Cfg: 7.7, Denoise: 0.99
  Prompt ID: 4aebf445-5857-4533-b7f8-f52576790b6b
  ✓ /root/little-buddy-card/assets/characters/katharina/views_v3/03_side_right.png (718 KB)

[4/6] 04_back_3quarter (seed 139)
  Pose: three quarter view from behind, mostly back, slight head turn to the right, turnaround, multiple vie
  Steps: 34, Cfg: 7.8, Denoise: 0.985
  Prompt ID: a099e84c-fafe-4c8a-aebc-60318dcbaf4f
  ✓ /root/little-buddy-card/assets/characters/katharina/views_v3/04_back_3quarter.png (690 KB)

[5/6] 05_low_angle (seed 152)
  Pose: slight low angle view, looking up at the character, gentle pose, character reference, turnaround she
  Steps: 36, Cfg: 7.9, Denoise: 0.98
  Prompt ID: d224d993-c48d-4b6f-828a-8eadcd8db381
  ✓ /root/little-buddy-card/assets/characters/katharina/views_v3/05_low_angle.png (742 KB)

[6/6] 06_top_down (seed 165)
  Pose: high angle view, looking down at character, full body, character sheet layout, multiple views
  Steps: 38, Cfg: 8.0, Denoise: 0.975
  Prompt ID: 470de9c9-b514-4519-8bf3-7391026b4ca7
  ✓ /root/little-buddy-card/assets/characters/katharina/views_v3/06_top_down.png (713 KB)

=== FERTIG ===
Output: /root/little-buddy-card/assets/characters/katharina/views_v3/
  01_front.png: 773 KB
  02_3quarter_left.png: 523 KB
  03_side_right.png: 718 KB
  04_back_3quarter.png: 690 KB
  05_low_angle.png: 742 KB
  06_top_down.png: 713 KB
