=== katharina_variations_loop_v1 (8 Seeds, gleicher Prompt) ===
Base: autismmixSDXL_autismmixPony_258042.safetensors
Pixel-LoRA: concept\Pixel_Art_XL_-_v1-1.safetensors (weight 0.85)
KEIN CharTurn-LoRA
Seeds: [100, 101, 102, 103, 104, 105, 106, 107]
Resolution: 1024×1024, Steps: 35, Cfg: 7.0 (alle gleich)
Output: /root/little-buddy-card/assets/characters/katharina/variations_v1/

Katharina-Specs (Master):
  - Rotes knielanges Kleid (monochrome, kein Weiß, kein Pattern)
  - Blonde Zöpfe, weißer Peter-Pan-Kragen, Puffärmel
  - Weiße Kniestrümpfe, schwarze Mary-Janes
  - Chibi-Proportionen, süß, kindlich
  - Kein Folklore/Tracht, kein NSFW, kein Sexy

Session: 8a858b0367eb990f...

[1/8] seed 100
  ✓ /root/little-buddy-card/assets/characters/katharina/variations_v1/var_01_seed100.png (645 KB)

[2/8] seed 101
  ✓ /root/little-buddy-card/assets/characters/katharina/variations_v1/var_02_seed101.png (480 KB)

[3/8] seed 102
  ✓ /root/little-buddy-card/assets/characters/katharina/variations_v1/var_03_seed102.png (811 KB)

[4/8] seed 103
  ✓ /root/little-buddy-card/assets/characters/katharina/variations_v1/var_04_seed103.png (837 KB)

[5/8] seed 104
  ✓ /root/little-buddy-card/assets/characters/katharina/variations_v1/var_05_seed104.png (396 KB)

[6/8] seed 105
  ✓ /root/little-buddy-card/assets/characters/katharina/variations_v1/var_06_seed105.png (733 KB)

[7/8] seed 106
  ✓ /root/little-buddy-card/assets/characters/katharina/variations_v1/var_07_seed106.png (849 KB)

[8/8] seed 107
  ✓ /root/little-buddy-card/assets/characters/katharina/variations_v1/var_08_seed107.png (504 KB)

=== FERTIG — 8 Variationen bereit zur Abnahme ===
Output: /root/little-buddy-card/assets/characters/katharina/variations_v1/
  var_01_seed100.png: 645 KB
  var_02_seed101.png: 480 KB
  var_03_seed102.png: 811 KB
  var_04_seed103.png: 837 KB
  var_05_seed104.png: 396 KB
  var_06_seed105.png: 733 KB
  var_07_seed106.png: 849 KB
  var_08_seed107.png: 504 KB

USER-BEWERTUNG ERWARTET:
  Welche 2-3 Variationen sehen am meisten nach Katharina aus?
  Sag die Nummern (var_01, var_02, ...) — die werden Trainings-Set fürs LoRA.
